# JRE version: Java(TM) SE Runtime Environment (8.0_281-b09) (build 1.8.0_281-b09)
# Java VM: Java HotSpot(TM) 64-Bit Server VM (25.281-b09 mixed mode windows-amd64 compressed oops)
Heap:
 PSYoungGen      total 37888K, used 9274K [0x00000000d6380000, 0x00000000d8d80000, 0x0000000100000000)
  eden space 32768K, 28% used [0x00000000d6380000,0x00000000d6c8eb88,0x00000000d8380000)
  from space 5120K, 0% used [0x00000000d8380000,0x00000000d8380000,0x00000000d8880000)
  to   space 5120K, 0% used [0x00000000d8880000,0x00000000d8880000,0x00000000d8d80000)
 ParOldGen       total 86016K, used 22395K [0x0000000082a00000, 0x0000000087e00000, 0x00000000d6380000)
  object space 86016K, 26% used [0x0000000082a00000,0x0000000083fdec60,0x0000000087e00000)
 Metaspace       used 22477K, capacity 22950K, committed 23088K, reserved 1069056K
  class space    used 2687K, capacity 2839K, committed 2864K, reserved 1048576K
GC Heap History (8 events):
Event: 0.703 GC heap before
{Heap before GC invocations=1 (full 0):
 PSYoungGen      total 37888K, used 32768K [0x00000000d6380000, 0x00000000d8d80000, 0x0000000100000000)
  eden space 32768K, 100% used [0x00000000d6380000,0x00000000d8380000,0x00000000d8380000)
  from space 5120K, 0% used [0x00000000d8880000,0x00000000d8880000,0x00000000d8d80000)
  to   space 5120K, 0% used [0x00000000d8380000,0x00000000d8380000,0x00000000d8880000)
 ParOldGen       total 86016K, used 0K [0x0000000082a00000, 0x0000000087e00000, 0x00000000d6380000)
  object space 86016K, 0% used [0x0000000082a00000,0x0000000082a00000,0x0000000087e00000)
 Metaspace       used 9487K, capacity 10356K, committed 10624K, reserved 1058816K
  class space    used 1031K, capacity 1072K, committed 1152K, reserved 1048576K
Event: 0.710 GC heap after
Heap after GC invocations=1 (full 0):
 PSYoungGen      total 37888K, used 5118K [0x00000000d6380000, 0x00000000d8d80000, 0x0000000100000000)
  eden space 32768K, 0% used [0x00000000d6380000,0x00000000d6380000,0x00000000d8380000)
  from space 5120K, 99% used [0x00000000d8380000,0x00000000d887f8d0,0x00000000d8880000)
  to   space 5120K, 0% used [0x00000000d8880000,0x00000000d8880000,0x00000000d8d80000)
 ParOldGen       total 86016K, used 2575K [0x0000000082a00000, 0x0000000087e00000, 0x00000000d6380000)
  object space 86016K, 2% used [0x0000000082a00000,0x0000000082c83e68,0x0000000087e00000)
 Metaspace       used 9487K, capacity 10356K, committed 10624K, reserved 1058816K
  class space    used 1031K, capacity 1072K, committed 1152K, reserved 1048576K
}
Event: 1.329 GC heap before
{Heap before GC invocations=2 (full 0):
 PSYoungGen      total 37888K, used 37886K [0x00000000d6380000, 0x00000000d8d80000, 0x0000000100000000)
  eden space 32768K, 100% used [0x00000000d6380000,0x00000000d8380000,0x00000000d8380000)
  from space 5120K, 99% used [0x00000000d8380000,0x00000000d887f8d0,0x00000000d8880000)
  to   space 5120K, 0% used [0x00000000d8880000,0x00000000d8880000,0x00000000d8d80000)
 ParOldGen       total 86016K, used 2575K [0x0000000082a00000, 0x0000000087e00000, 0x00000000d6380000)
  object space 86016K, 2% used [0x0000000082a00000,0x0000000082c83e68,0x0000000087e00000)
 Metaspace       used 15817K, capacity 16074K, committed 16256K, reserved 1062912K
  class space    used 1836K, capacity 1913K, committed 1920K, reserved 1048576K
Event: 1.337 GC heap after
Heap after GC invocations=2 (full 0):
 PSYoungGen      total 37888K, used 5088K [0x00000000d6380000, 0x00000000d8d80000, 0x0000000100000000)
  eden space 32768K, 0% used [0x00000000d6380000,0x00000000d6380000,0x00000000d8380000)
  from space 5120K, 99% used [0x00000000d8880000,0x00000000d8d78020,0x00000000d8d80000)
  to   space 5120K, 0% used [0x00000000d8380000,0x00000000d8380000,0x00000000d8880000)
 ParOldGen       total 86016K, used 7274K [0x0000000082a00000, 0x0000000087e00000, 0x00000000d6380000)
  object space 86016K, 8% used [0x0000000082a00000,0x000000008311a998,0x0000000087e00000)
 Metaspace       used 15817K, capacity 16074K, committed 16256K, reserved 1062912K
  class space    used 1836K, capacity 1913K, committed 1920K, reserved 1048576K
}
Event: 1.775 GC heap before
{Heap before GC invocations=3 (full 0):
 PSYoungGen      total 37888K, used 37668K [0x00000000d6380000, 0x00000000d8d80000, 0x0000000100000000)
  eden space 32768K, 99% used [0x00000000d6380000,0x00000000d8351058,0x00000000d8380000)
  from space 5120K, 99% used [0x00000000d8880000,0x00000000d8d78020,0x00000000d8d80000)
  to   space 5120K, 0% used [0x00000000d8380000,0x00000000d8380000,0x00000000d8880000)
 ParOldGen       total 86016K, used 7274K [0x0000000082a00000, 0x0000000087e00000, 0x00000000d6380000)
  object space 86016K, 8% used [0x0000000082a00000,0x000000008311a998,0x0000000087e00000)
 Metaspace       used 20774K, capacity 21126K, committed 21296K, reserved 1069056K
  class space    used 2444K, capacity 2573K, committed 2608K, reserved 1048576K
Event: 1.785 GC heap after
Heap after GC invocations=3 (full 0):
 PSYoungGen      total 37888K, used 5090K [0x00000000d6380000, 0x00000000d8d80000, 0x0000000100000000)
  eden space 32768K, 0% used [0x00000000d6380000,0x00000000d6380000,0x00000000d8380000)
  from space 5120K, 99% used [0x00000000d8380000,0x00000000d8878a58,0x00000000d8880000)
  to   space 5120K, 0% used [0x00000000d8880000,0x00000000d8880000,0x00000000d8d80000)
 ParOldGen       total 86016K, used 24671K [0x0000000082a00000, 0x0000000087e00000, 0x00000000d6380000)
  object space 86016K, 28% used [0x0000000082a00000,0x0000000084217c90,0x0000000087e00000)
 Metaspace       used 20774K, capacity 21126K, committed 21296K, reserved 1069056K
  class space    used 2444K, capacity 2573K, committed 2608K, reserved 1048576K
}
Event: 1.785 GC heap before
{Heap before GC invocations=4 (full 1):
 PSYoungGen      total 37888K, used 5090K [0x00000000d6380000, 0x00000000d8d80000, 0x0000000100000000)
  eden space 32768K, 0% used [0x00000000d6380000,0x00000000d6380000,0x00000000d8380000)
  from space 5120K, 99% used [0x00000000d8380000,0x00000000d8878a58,0x00000000d8880000)
  to   space 5120K, 0% used [0x00000000d8880000,0x00000000d8880000,0x00000000d8d80000)
 ParOldGen       total 86016K, used 24671K [0x0000000082a00000, 0x0000000087e00000, 0x00000000d6380000)
  object space 86016K, 28% used [0x0000000082a00000,0x0000000084217c90,0x0000000087e00000)
 Metaspace       used 20774K, capacity 21126K, committed 21296K, reserved 1069056K
  class space    used 2444K, capacity 2573K, committed 2608K, reserved 1048576K
Event: 1.833 GC heap after
Heap after GC invocations=4 (full 1):
 PSYoungGen      total 37888K, used 0K [0x00000000d6380000, 0x00000000d8d80000, 0x0000000100000000)
  eden space 32768K, 0% used [0x00000000d6380000,0x00000000d6380000,0x00000000d8380000)
  from space 5120K, 0% used [0x00000000d8380000,0x00000000d8380000,0x00000000d8880000)
  to   space 5120K, 0% used [0x00000000d8880000,0x00000000d8880000,0x00000000d8d80000)
 ParOldGen       total 86016K, used 22395K [0x0000000082a00000, 0x0000000087e00000, 0x00000000d6380000)
  object space 86016K, 26% used [0x0000000082a00000,0x0000000083fdec60,0x0000000087e00000)
 Metaspace       used 20774K, capacity 21126K, committed 21296K, reserved 1069056K
  class space    used 2444K, capacity 2573K, committed 2608K, reserved 1048576K
}

